<?xml version="1.0" encoding="UTF-8"?>
<testng-results skipped="0" failed="1" total="1" passed="0">
  <reporter-output>
  </reporter-output>
  <suite name="Default suite" duration-ms="258612" started-at="2015-11-27T11:24:31Z" finished-at="2015-11-27T11:28:50Z">
    <groups>
    </groups>
    <test name="Default test" duration-ms="258612" started-at="2015-11-27T11:24:31Z" finished-at="2015-11-27T11:28:50Z">
      <class name="com.koovs.testngscripts.HomePageTestScenerios">
        <test-method status="PASS" signature="OneTimeConfig()[pri:0, instance:com.koovs.testngscripts.HomePageTestScenerios@39699c]" name="OneTimeConfig" is-config="true" duration-ms="18533" started-at="2015-11-27T16:54:31Z" finished-at="2015-11-27T16:54:50Z">
          <reporter-output>
          </reporter-output>
        </test-method> <!-- OneTimeConfig -->
        <test-method status="PASS" signature="Config()[pri:0, instance:com.koovs.testngscripts.HomePageTestScenerios@39699c]" name="Config" is-config="true" duration-ms="107044" started-at="2015-11-27T16:54:50Z" finished-at="2015-11-27T16:56:37Z">
          <reporter-output>
          </reporter-output>
        </test-method> <!-- Config -->
        <test-method status="FAIL" signature="Scenerio5()[pri:0, instance:com.koovs.testngscripts.HomePageTestScenerios@39699c]" name="Scenerio5" duration-ms="133000" started-at="2015-11-27T16:56:37Z" finished-at="2015-11-27T16:58:50Z">
          <exception class="org.openqa.selenium.StaleElementReferenceException">
            <message>
              <![CDATA[Element not found in the cache - perhaps the page has changed since it was looked up
Command duration or timeout: 21.37 seconds
For documentation on this error, please visit: http://seleniumhq.org/exceptions/stale_element_reference.html
Build info: version: '2.47.1', revision: '411b314', time: '2015-07-30 02:56:46'
System info: host: 'Sanjay-PC', ip: '192.168.168.179', os.name: 'Windows 7', os.arch: 'x86', os.version: '6.1', java.version: '1.8.0_31'
Driver info: org.openqa.selenium.firefox.FirefoxDriver
Capabilities [{applicationCacheEnabled=true, rotatable=false, handlesAlerts=true, databaseEnabled=true, version=38.0.1, platform=WINDOWS, nativeEvents=false, acceptSslCerts=true, webStorageEnabled=true, locationContextEnabled=true, browserName=firefox, takesScreenshot=true, javascriptEnabled=true, cssSelectorsEnabled=true}]
Session ID: 08025647-569f-48ed-bdf4-bccb97aa52c8]]>
            </message>
            <full-stacktrace>
              <![CDATA[org.openqa.selenium.StaleElementReferenceException: Element not found in the cache - perhaps the page has changed since it was looked up
Command duration or timeout: 21.37 seconds
For documentation on this error, please visit: http://seleniumhq.org/exceptions/stale_element_reference.html
Build info: version: '2.47.1', revision: '411b314', time: '2015-07-30 02:56:46'
System info: host: 'Sanjay-PC', ip: '192.168.168.179', os.name: 'Windows 7', os.arch: 'x86', os.version: '6.1', java.version: '1.8.0_31'
Driver info: org.openqa.selenium.firefox.FirefoxDriver
Capabilities [{applicationCacheEnabled=true, rotatable=false, handlesAlerts=true, databaseEnabled=true, version=38.0.1, platform=WINDOWS, nativeEvents=false, acceptSslCerts=true, webStorageEnabled=true, locationContextEnabled=true, browserName=firefox, takesScreenshot=true, javascriptEnabled=true, cssSelectorsEnabled=true}]
Session ID: 08025647-569f-48ed-bdf4-bccb97aa52c8
	at sun.reflect.NativeConstructorAccessorImpl.newInstance0(Native Method)
	at sun.reflect.NativeConstructorAccessorImpl.newInstance(Unknown Source)
	at sun.reflect.DelegatingConstructorAccessorImpl.newInstance(Unknown Source)
	at java.lang.reflect.Constructor.newInstance(Unknown Source)
	at org.openqa.selenium.remote.ErrorHandler.createThrowable(ErrorHandler.java:206)
	at org.openqa.selenium.remote.ErrorHandler.throwIfResponseFailed(ErrorHandler.java:158)
	at org.openqa.selenium.remote.RemoteWebDriver.execute(RemoteWebDriver.java:595)
	at org.openqa.selenium.remote.RemoteWebElement.execute(RemoteWebElement.java:273)
	at org.openqa.selenium.remote.RemoteWebElement.click(RemoteWebElement.java:84)
	at com.koovs.businesslib.ProductSelectionForCheckOut.productSelectforWomen(ProductSelectionForCheckOut.java:37)
	at com.koovs.testngscripts.HomePageTestScenerios.Scenerio5(HomePageTestScenerios.java:186)
	at sun.reflect.NativeMethodAccessorImpl.invoke0(Native Method)
	at sun.reflect.NativeMethodAccessorImpl.invoke(Unknown Source)
	at sun.reflect.DelegatingMethodAccessorImpl.invoke(Unknown Source)
	at java.lang.reflect.Method.invoke(Unknown Source)
	at org.testng.internal.MethodInvocationHelper.invokeMethod(MethodInvocationHelper.java:84)
	at org.testng.internal.Invoker.invokeMethod(Invoker.java:714)
	at org.testng.internal.Invoker.invokeTestMethod(Invoker.java:901)
	at org.testng.internal.Invoker.invokeTestMethods(Invoker.java:1231)
	at org.testng.internal.TestMethodWorker.invokeTestMethods(TestMethodWorker.java:127)
	at org.testng.internal.TestMethodWorker.run(TestMethodWorker.java:111)
	at org.testng.TestRunner.privateRun(TestRunner.java:767)
	at org.testng.TestRunner.run(TestRunner.java:617)
	at org.testng.SuiteRunner.runTest(SuiteRunner.java:334)
	at org.testng.SuiteRunner.runSequentially(SuiteRunner.java:329)
	at org.testng.SuiteRunner.privateRun(SuiteRunner.java:291)
	at org.testng.SuiteRunner.run(SuiteRunner.java:240)
	at org.testng.SuiteRunnerWorker.runSuite(SuiteRunnerWorker.java:52)
	at org.testng.SuiteRunnerWorker.run(SuiteRunnerWorker.java:86)
	at org.testng.TestNG.runSuitesSequentially(TestNG.java:1224)
	at org.testng.TestNG.runSuitesLocally(TestNG.java:1149)
	at org.testng.TestNG.run(TestNG.java:1057)
	at org.testng.remote.RemoteTestNG.run(RemoteTestNG.java:111)
	at org.testng.remote.RemoteTestNG.initAndRun(RemoteTestNG.java:204)
	at org.testng.remote.RemoteTestNG.main(RemoteTestNG.java:175)
Caused by: org.openqa.selenium.StaleElementReferenceException: Element not found in the cache - perhaps the page has changed since it was looked up
For documentation on this error, please visit: http://seleniumhq.org/exceptions/stale_element_reference.html
Build info: version: '2.47.1', revision: '411b314', time: '2015-07-30 02:56:46'
System info: host: 'Sanjay-PC', ip: '192.168.168.179', os.name: 'Windows 7', os.arch: 'x86', os.version: '6.1', java.version: '1.8.0_31'
Driver info: driver.version: unknown
	at <anonymous class>.fxdriver.cache.getElementAt(resource://fxdriver/modules/web-element-cache.js:9348)
	at <anonymous class>.Utils.getElementAt(file:///C:/Users/Sanjay/AppData/Local/Temp/anonymous1823234433057109319webdriver-profile/extensions/fxdriver@googlecode.com/components/command-processor.js:8942)
	at <anonymous class>.fxdriver.preconditions.visible(file:///C:/Users/Sanjay/AppData/Local/Temp/anonymous1823234433057109319webdriver-profile/extensions/fxdriver@googlecode.com/components/command-processor.js:9980)
	at <anonymous class>.DelayedCommand.prototype.checkPreconditions_(file:///C:/Users/Sanjay/AppData/Local/Temp/anonymous1823234433057109319webdriver-profile/extensions/fxdriver@googlecode.com/components/command-processor.js:12626)
	at <anonymous class>.DelayedCommand.prototype.executeInternal_/h(file:///C:/Users/Sanjay/AppData/Local/Temp/anonymous1823234433057109319webdriver-profile/extensions/fxdriver@googlecode.com/components/command-processor.js:12643)
	at <anonymous class>.fxdriver.Timer.prototype.setTimeout/<.notify(file:///C:/Users/Sanjay/AppData/Local/Temp/anonymous1823234433057109319webdriver-profile/extensions/fxdriver@googlecode.com/components/command-processor.js:623)
]]>
            </full-stacktrace>
          </exception> <!-- org.openqa.selenium.StaleElementReferenceException -->
          <reporter-output>
          </reporter-output>
        </test-method> <!-- Scenerio5 -->
        <test-method status="PASS" signature="End()[pri:0, instance:com.koovs.testngscripts.HomePageTestScenerios@39699c]" name="End" is-config="true" duration-ms="0" started-at="2015-11-27T16:58:50Z" finished-at="2015-11-27T16:58:50Z">
          <reporter-output>
          </reporter-output>
        </test-method> <!-- End -->
      </class> <!-- com.koovs.testngscripts.HomePageTestScenerios -->
    </test> <!-- Default test -->
  </suite> <!-- Default suite -->
</testng-results>
